%!Adobe-FontList 1.18
%Locale:0x419

%BeginFont
Handler:DirectoryHandler
FontType:Type1
FontName:Akrobat-Bold
FamilyName:Akrobat
StyleName:Bold
FullName:Akrobat Bold
MenuName:Akrobat Bold
StyleBits:0
WritingScript:Roman
OutlineFileName:K:\worldskills\программные решения\отбор нац\руководство\Папка Руководство\Document fonts\Akrobat-Bold_1.otf
DataFormat:sfntData
UsesStandardEncoding:yes
isCFF:yes
hasSVG:no
FileLength:58156
FileModTime:1467724132
WeightClass:700
WidthClass:5
AngleClass:0
NameArray:0,Mac,4,Akrobat Bold
NameArray:0,Win,1,Akrobat Bold
NameArray:0,Win,16,Akrobat
%EndFont

%BeginFont
Handler:DirectoryHandler
FontType:Type1
FontName:Akrobat-Regular
FamilyName:Akrobat
StyleName:Regular
FullName:Akrobat
MenuName:Akrobat
StyleBits:0
WritingScript:Roman
OutlineFileName:K:\worldskills\программные решения\отбор нац\руководство\Папка Руководство\Document fonts\Akrobat-Regular_1.otf
DataFormat:sfntData
UsesStandardEncoding:yes
isCFF:yes
hasSVG:no
FileLength:55176
FileModTime:1467724130
WeightClass:500
WidthClass:5
AngleClass:0
NameArray:0,Mac,4,Akrobat
NameArray:0,Win,1,Akrobat
%EndFont

%BeginFont
Handler:DirectoryHandler
FontType:TrueType
FontName:ArialMT
FamilyName:Arial
StyleName:Regular
FullName:Arial
MenuName:Arial
StyleBits:0
WritingScript:Roman
OutlineFileName:K:\worldskills\программные решения\отбор нац\руководство\Папка Руководство\Document fonts\arial.ttf
DataFormat:sfntData
hasSVG:no
FileLength:772192
FileModTime:1290309864
WeightClass:400
WidthClass:5
AngleClass:0
NameArray:0,Mac,4,Arial
NameArray:0,Win,1,Arial
%EndFont

